2019-12-06 21:00:03,093 INFO [Eureka-EvictionTimer][AbstractInstanceRegistry.java:1250] - Running the evict task with compensationTime 0ms
2019-12-06 21:00:04,876 INFO [http-nio-56080-exec-6][AbstractInstanceRegistry.java:266] - Registered instance DTX-NOTIFYMSG-DEMO-BANK1/host.docker.internal:dtx-notifymsg-demo-bank1:56081 with status UP (replication=false)
2019-12-06 21:00:05,388 INFO [http-nio-56080-exec-2][AbstractInstanceRegistry.java:266] - Registered instance DTX-NOTIFYMSG-DEMO-BANK1/host.docker.internal:dtx-notifymsg-demo-bank1:56081 with status UP (replication=true)
2019-12-06 21:00:13,093 INFO [Eureka-EvictionTimer][AbstractInstanceRegistry.java:1250] - Running the evict task with compensationTime 0ms
2019-12-06 21:00:23,094 INFO [Eureka-EvictionTimer][AbstractInstanceRegistry.java:1250] - Running the evict task with compensationTime 0ms
2019-12-06 21:00:31,754 INFO [ReplicaAwareInstanceRegistry - RenewalThresholdUpdater][PeerAwareInstanceRegistryImpl.java:539] - Current renewal threshold is : 0
2019-12-06 21:00:33,107 INFO [Eureka-EvictionTimer][AbstractInstanceRegistry.java:1250] - Running the evict task with compensationTime 13ms
2019-12-06 21:00:43,108 INFO [Eureka-EvictionTimer][AbstractInstanceRegistry.java:1250] - Running the evict task with compensationTime 0ms
2019-12-06 21:00:53,108 INFO [Eureka-EvictionTimer][AbstractInstanceRegistry.java:1250] - Running the evict task with compensationTime 0ms
2019-12-06 21:01:03,109 INFO [Eureka-EvictionTimer][AbstractInstanceRegistry.java:1250] - Running the evict task with compensationTime 0ms
2019-12-06 21:01:13,109 INFO [Eureka-EvictionTimer][AbstractInstanceRegistry.java:1250] - Running the evict task with compensationTime 0ms
2019-12-06 21:01:23,109 INFO [Eureka-EvictionTimer][AbstractInstanceRegistry.java:1250] - Running the evict task with compensationTime 0ms
2019-12-06 21:01:33,110 INFO [Eureka-EvictionTimer][AbstractInstanceRegistry.java:1250] - Running the evict task with compensationTime 0ms
2019-12-06 21:01:43,110 INFO [Eureka-EvictionTimer][AbstractInstanceRegistry.java:1250] - Running the evict task with compensationTime 0ms
2019-12-06 21:01:53,111 INFO [Eureka-EvictionTimer][AbstractInstanceRegistry.java:1250] - Running the evict task with compensationTime 0ms
2019-12-06 21:02:03,111 INFO [Eureka-EvictionTimer][AbstractInstanceRegistry.java:1250] - Running the evict task with compensationTime 0ms
2019-12-06 21:02:13,111 INFO [Eureka-EvictionTimer][AbstractInstanceRegistry.java:1250] - Running the evict task with compensationTime 0ms
2019-12-06 21:02:23,111 INFO [Eureka-EvictionTimer][AbstractInstanceRegistry.java:1250] - Running the evict task with compensationTime 0ms
2019-12-06 21:02:33,112 INFO [Eureka-EvictionTimer][AbstractInstanceRegistry.java:1250] - Running the evict task with compensationTime 0ms
2019-12-06 21:02:43,112 INFO [Eureka-EvictionTimer][AbstractInstanceRegistry.java:1250] - Running the evict task with compensationTime 0ms
2019-12-06 21:02:53,116 INFO [Eureka-EvictionTimer][AbstractInstanceRegistry.java:1250] - Running the evict task with compensationTime 4ms
2019-12-06 21:03:03,117 INFO [Eureka-EvictionTimer][AbstractInstanceRegistry.java:1250] - Running the evict task with compensationTime 0ms
2019-12-06 21:03:13,118 INFO [Eureka-EvictionTimer][AbstractInstanceRegistry.java:1250] - Running the evict task with compensationTime 1ms
2019-12-06 21:03:23,118 INFO [Eureka-EvictionTimer][AbstractInstanceRegistry.java:1250] - Running the evict task with compensationTime 0ms
2019-12-06 21:03:33,118 INFO [Eureka-EvictionTimer][AbstractInstanceRegistry.java:1250] - Running the evict task with compensationTime 0ms
2019-12-06 21:03:43,118 INFO [Eureka-EvictionTimer][AbstractInstanceRegistry.java:1250] - Running the evict task with compensationTime 0ms
2019-12-06 21:03:53,118 INFO [Eureka-EvictionTimer][AbstractInstanceRegistry.java:1250] - Running the evict task with compensationTime 0ms
2019-12-06 21:04:03,119 INFO [Eureka-EvictionTimer][AbstractInstanceRegistry.java:1250] - Running the evict task with compensationTime 0ms
2019-12-06 21:04:13,119 INFO [Eureka-EvictionTimer][AbstractInstanceRegistry.java:1250] - Running the evict task with compensationTime 0ms
2019-12-06 21:04:23,120 INFO [Eureka-EvictionTimer][AbstractInstanceRegistry.java:1250] - Running the evict task with compensationTime 0ms
2019-12-06 21:04:33,120 INFO [Eureka-EvictionTimer][AbstractInstanceRegistry.java:1250] - Running the evict task with compensationTime 0ms
2019-12-06 21:04:43,120 INFO [Eureka-EvictionTimer][AbstractInstanceRegistry.java:1250] - Running the evict task with compensationTime 0ms
2019-12-06 21:04:53,133 INFO [Eureka-EvictionTimer][AbstractInstanceRegistry.java:1250] - Running the evict task with compensationTime 13ms
2019-12-06 21:05:03,141 INFO [Eureka-EvictionTimer][AbstractInstanceRegistry.java:1250] - Running the evict task with compensationTime 8ms
2019-12-06 21:05:13,142 INFO [Eureka-EvictionTimer][AbstractInstanceRegistry.java:1250] - Running the evict task with compensationTime 0ms
2019-12-06 21:05:23,143 INFO [Eureka-EvictionTimer][AbstractInstanceRegistry.java:1250] - Running the evict task with compensationTime 0ms
2019-12-06 21:05:33,144 INFO [Eureka-EvictionTimer][AbstractInstanceRegistry.java:1250] - Running the evict task with compensationTime 0ms
2019-12-06 21:05:41,532 INFO [http-nio-56080-exec-2][AbstractInstanceRegistry.java:266] - Registered instance DTX-NOTIFYMSG-DEMO-BANK1/host.docker.internal:dtx-notifymsg-demo-bank1:56081 with status UP (replication=false)
2019-12-06 21:05:42,065 INFO [http-nio-56080-exec-9][AbstractInstanceRegistry.java:266] - Registered instance DTX-NOTIFYMSG-DEMO-BANK1/host.docker.internal:dtx-notifymsg-demo-bank1:56081 with status UP (replication=true)
2019-12-06 21:05:43,145 INFO [Eureka-EvictionTimer][AbstractInstanceRegistry.java:1250] - Running the evict task with compensationTime 0ms
2019-12-06 21:05:45,734 INFO [http-nio-56080-exec-8][AbstractInstanceRegistry.java:266] - Registered instance DTX-NOTIFYMSG-DEMO-PAY/host.docker.internal:dtx-notifymsg-demo-pay:56082 with status UP (replication=false)
2019-12-06 21:05:46,245 INFO [http-nio-56080-exec-7][AbstractInstanceRegistry.java:266] - Registered instance DTX-NOTIFYMSG-DEMO-PAY/host.docker.internal:dtx-notifymsg-demo-pay:56082 with status UP (replication=true)
2019-12-06 21:05:53,145 INFO [Eureka-EvictionTimer][AbstractInstanceRegistry.java:1250] - Running the evict task with compensationTime 0ms
2019-12-06 21:06:03,145 INFO [Eureka-EvictionTimer][AbstractInstanceRegistry.java:1250] - Running the evict task with compensationTime 0ms
2019-12-06 21:06:13,146 INFO [Eureka-EvictionTimer][AbstractInstanceRegistry.java:1250] - Running the evict task with compensationTime 0ms
2019-12-06 21:06:23,147 INFO [Eureka-EvictionTimer][AbstractInstanceRegistry.java:1250] - Running the evict task with compensationTime 0ms
2019-12-06 21:06:33,148 INFO [Eureka-EvictionTimer][AbstractInstanceRegistry.java:1250] - Running the evict task with compensationTime 0ms
2019-12-06 21:06:43,151 INFO [Eureka-EvictionTimer][AbstractInstanceRegistry.java:1250] - Running the evict task with compensationTime 3ms
2019-12-06 21:06:53,150 INFO [Eureka-EvictionTimer][AbstractInstanceRegistry.java:1250] - Running the evict task with compensationTime 0ms
2019-12-06 21:07:03,150 INFO [Eureka-EvictionTimer][AbstractInstanceRegistry.java:1250] - Running the evict task with compensationTime 0ms
2019-12-06 21:07:13,153 INFO [Eureka-EvictionTimer][AbstractInstanceRegistry.java:1250] - Running the evict task with compensationTime 1ms
2019-12-06 21:07:23,151 INFO [Eureka-EvictionTimer][AbstractInstanceRegistry.java:1250] - Running the evict task with compensationTime 0ms
2019-12-06 21:07:33,152 INFO [Eureka-EvictionTimer][AbstractInstanceRegistry.java:1250] - Running the evict task with compensationTime 0ms
2019-12-06 21:07:43,152 INFO [Eureka-EvictionTimer][AbstractInstanceRegistry.java:1250] - Running the evict task with compensationTime 0ms
2019-12-06 21:07:53,152 INFO [Eureka-EvictionTimer][AbstractInstanceRegistry.java:1250] - Running the evict task with compensationTime 0ms
2019-12-06 21:08:03,153 INFO [Eureka-EvictionTimer][AbstractInstanceRegistry.java:1250] - Running the evict task with compensationTime 0ms
2019-12-06 21:08:13,153 INFO [Eureka-EvictionTimer][AbstractInstanceRegistry.java:1250] - Running the evict task with compensationTime 0ms
2019-12-06 21:08:23,154 INFO [Eureka-EvictionTimer][AbstractInstanceRegistry.java:1250] - Running the evict task with compensationTime 1ms
2019-12-06 21:08:33,154 INFO [Eureka-EvictionTimer][AbstractInstanceRegistry.java:1250] - Running the evict task with compensationTime 0ms
2019-12-06 21:08:43,154 INFO [Eureka-EvictionTimer][AbstractInstanceRegistry.java:1250] - Running the evict task with compensationTime 0ms
2019-12-06 21:08:53,155 INFO [Eureka-EvictionTimer][AbstractInstanceRegistry.java:1250] - Running the evict task with compensationTime 0ms
2019-12-06 21:09:03,155 INFO [Eureka-EvictionTimer][AbstractInstanceRegistry.java:1250] - Running the evict task with compensationTime 0ms
2019-12-06 21:09:13,156 INFO [Eureka-EvictionTimer][AbstractInstanceRegistry.java:1250] - Running the evict task with compensationTime 0ms
2019-12-06 21:09:23,156 INFO [Eureka-EvictionTimer][AbstractInstanceRegistry.java:1250] - Running the evict task with compensationTime 0ms
2019-12-06 21:09:33,157 INFO [Eureka-EvictionTimer][AbstractInstanceRegistry.java:1250] - Running the evict task with compensationTime 0ms
2019-12-06 21:09:43,157 INFO [Eureka-EvictionTimer][AbstractInstanceRegistry.java:1250] - Running the evict task with compensationTime 0ms
2019-12-06 21:09:53,158 INFO [Eureka-EvictionTimer][AbstractInstanceRegistry.java:1250] - Running the evict task with compensationTime 0ms
2019-12-06 21:10:03,158 INFO [Eureka-EvictionTimer][AbstractInstanceRegistry.java:1250] - Running the evict task with compensationTime 0ms
2019-12-06 21:10:13,159 INFO [Eureka-EvictionTimer][AbstractInstanceRegistry.java:1250] - Running the evict task with compensationTime 0ms
2019-12-06 21:10:23,160 INFO [Eureka-EvictionTimer][AbstractInstanceRegistry.java:1250] - Running the evict task with compensationTime 0ms
2019-12-06 21:10:33,160 INFO [Eureka-EvictionTimer][AbstractInstanceRegistry.java:1250] - Running the evict task with compensationTime 0ms
2019-12-06 21:10:43,160 INFO [Eureka-EvictionTimer][AbstractInstanceRegistry.java:1250] - Running the evict task with compensationTime 0ms
2019-12-06 21:10:53,161 INFO [Eureka-EvictionTimer][AbstractInstanceRegistry.java:1250] - Running the evict task with compensationTime 1ms
2019-12-06 21:11:03,164 INFO [Eureka-EvictionTimer][AbstractInstanceRegistry.java:1250] - Running the evict task with compensationTime 3ms
2019-12-06 21:11:04,083 INFO [http-nio-56080-exec-3][AbstractInstanceRegistry.java:266] - Registered instance DTX-NOTIFYMSG-DEMO-BANK1/host.docker.internal:dtx-notifymsg-demo-bank1:56081 with status DOWN (replication=false)
2019-12-06 21:11:04,295 INFO [http-nio-56080-exec-6][AbstractInstanceRegistry.java:266] - Registered instance DTX-NOTIFYMSG-DEMO-PAY/host.docker.internal:dtx-notifymsg-demo-pay:56082 with status DOWN (replication=false)
2019-12-06 21:11:04,629 INFO [http-nio-56080-exec-5][AbstractInstanceRegistry.java:266] - Registered instance DTX-NOTIFYMSG-DEMO-BANK1/host.docker.internal:dtx-notifymsg-demo-bank1:56081 with status DOWN (replication=true)
2019-12-06 21:11:04,630 INFO [http-nio-56080-exec-5][AbstractInstanceRegistry.java:266] - Registered instance DTX-NOTIFYMSG-DEMO-PAY/host.docker.internal:dtx-notifymsg-demo-pay:56082 with status DOWN (replication=true)
2019-12-06 21:11:07,357 INFO [http-nio-56080-exec-4][AbstractInstanceRegistry.java:330] - Cancelled instance DTX-NOTIFYMSG-DEMO-BANK1/host.docker.internal:dtx-notifymsg-demo-bank1:56081 (replication=false)
2019-12-06 21:11:07,793 INFO [http-nio-56080-exec-1][AbstractInstanceRegistry.java:330] - Cancelled instance DTX-NOTIFYMSG-DEMO-PAY/host.docker.internal:dtx-notifymsg-demo-pay:56082 (replication=false)
2019-12-06 21:11:07,872 WARN [http-nio-56080-exec-10][AbstractInstanceRegistry.java:315] - DS: Registry: cancel failed because Lease is not registered for: DTX-NOTIFYMSG-DEMO-BANK1/host.docker.internal:dtx-notifymsg-demo-bank1:56081
2019-12-06 21:11:07,873 INFO [http-nio-56080-exec-10][InstanceResource.java:288] - Not Found (Cancel): DTX-NOTIFYMSG-DEMO-BANK1 - host.docker.internal:dtx-notifymsg-demo-bank1:56081
2019-12-06 21:11:07,874 WARN [http-nio-56080-exec-10][AbstractInstanceRegistry.java:315] - DS: Registry: cancel failed because Lease is not registered for: DTX-NOTIFYMSG-DEMO-PAY/host.docker.internal:dtx-notifymsg-demo-pay:56082
2019-12-06 21:11:07,874 INFO [http-nio-56080-exec-10][InstanceResource.java:288] - Not Found (Cancel): DTX-NOTIFYMSG-DEMO-PAY - host.docker.internal:dtx-notifymsg-demo-pay:56082
2019-12-06 21:11:07,876 WARN [TaskBatchingWorker-target_localhost-8][ReplicationTask.java:35] - The replication of task DTX-NOTIFYMSG-DEMO-BANK1/host.docker.internal:dtx-notifymsg-demo-bank1:56081:Cancel@localhost failed with response code 404
2019-12-06 21:11:07,876 WARN [TaskBatchingWorker-target_localhost-8][PeerEurekaNode.java:171] - DTX-NOTIFYMSG-DEMO-BANK1/host.docker.internal:dtx-notifymsg-demo-bank1:56081:Cancel@localhost: missing entry.
2019-12-06 21:11:07,876 WARN [TaskBatchingWorker-target_localhost-8][ReplicationTask.java:35] - The replication of task DTX-NOTIFYMSG-DEMO-PAY/host.docker.internal:dtx-notifymsg-demo-pay:56082:Cancel@localhost failed with response code 404
2019-12-06 21:11:07,877 WARN [TaskBatchingWorker-target_localhost-8][PeerEurekaNode.java:171] - DTX-NOTIFYMSG-DEMO-PAY/host.docker.internal:dtx-notifymsg-demo-pay:56082:Cancel@localhost: missing entry.
2019-12-06 21:11:13,168 INFO [Eureka-EvictionTimer][AbstractInstanceRegistry.java:1250] - Running the evict task with compensationTime 3ms
2019-12-06 21:11:23,180 INFO [Eureka-EvictionTimer][AbstractInstanceRegistry.java:1250] - Running the evict task with compensationTime 12ms
2019-12-06 21:11:33,191 INFO [Eureka-EvictionTimer][AbstractInstanceRegistry.java:1250] - Running the evict task with compensationTime 11ms
2019-12-06 21:11:43,192 INFO [Eureka-EvictionTimer][AbstractInstanceRegistry.java:1250] - Running the evict task with compensationTime 0ms
2019-12-06 21:11:53,196 INFO [Eureka-EvictionTimer][AbstractInstanceRegistry.java:1250] - Running the evict task with compensationTime 4ms
2019-12-06 21:12:03,196 INFO [Eureka-EvictionTimer][AbstractInstanceRegistry.java:1250] - Running the evict task with compensationTime 0ms
2019-12-06 21:12:13,201 INFO [Eureka-EvictionTimer][AbstractInstanceRegistry.java:1250] - Running the evict task with compensationTime 4ms
2019-12-06 21:12:14,379 INFO [http-nio-56080-exec-6][AbstractInstanceRegistry.java:266] - Registered instance DTX-NOTIFYMSG-DEMO-BANK1/host.docker.internal:dtx-notifymsg-demo-bank1:56081 with status UP (replication=false)
2019-12-06 21:12:14,897 INFO [http-nio-56080-exec-5][AbstractInstanceRegistry.java:266] - Registered instance DTX-NOTIFYMSG-DEMO-BANK1/host.docker.internal:dtx-notifymsg-demo-bank1:56081 with status UP (replication=true)
2019-12-06 21:12:19,483 INFO [http-nio-56080-exec-9][AbstractInstanceRegistry.java:266] - Registered instance DTX-NOTIFYMSG-DEMO-PAY/host.docker.internal:dtx-notifymsg-demo-pay:56082 with status UP (replication=false)
2019-12-06 21:12:19,989 INFO [http-nio-56080-exec-2][AbstractInstanceRegistry.java:266] - Registered instance DTX-NOTIFYMSG-DEMO-PAY/host.docker.internal:dtx-notifymsg-demo-pay:56082 with status UP (replication=true)
2019-12-06 21:12:23,202 INFO [Eureka-EvictionTimer][AbstractInstanceRegistry.java:1250] - Running the evict task with compensationTime 0ms
2019-12-06 21:12:33,203 INFO [Eureka-EvictionTimer][AbstractInstanceRegistry.java:1250] - Running the evict task with compensationTime 0ms
2019-12-06 21:12:43,203 INFO [Eureka-EvictionTimer][AbstractInstanceRegistry.java:1250] - Running the evict task with compensationTime 0ms
2019-12-06 21:12:53,203 INFO [Eureka-EvictionTimer][AbstractInstanceRegistry.java:1250] - Running the evict task with compensationTime 0ms
2019-12-06 21:13:03,204 INFO [Eureka-EvictionTimer][AbstractInstanceRegistry.java:1250] - Running the evict task with compensationTime 0ms
2019-12-06 21:13:13,205 INFO [Eureka-EvictionTimer][AbstractInstanceRegistry.java:1250] - Running the evict task with compensationTime 0ms
2019-12-06 21:13:23,206 INFO [Eureka-EvictionTimer][AbstractInstanceRegistry.java:1250] - Running the evict task with compensationTime 0ms
2019-12-06 21:13:33,206 INFO [Eureka-EvictionTimer][AbstractInstanceRegistry.java:1250] - Running the evict task with compensationTime 0ms
2019-12-06 21:13:43,206 INFO [Eureka-EvictionTimer][AbstractInstanceRegistry.java:1250] - Running the evict task with compensationTime 0ms
2019-12-06 21:13:53,207 INFO [Eureka-EvictionTimer][AbstractInstanceRegistry.java:1250] - Running the evict task with compensationTime 0ms
2019-12-06 21:14:03,207 INFO [Eureka-EvictionTimer][AbstractInstanceRegistry.java:1250] - Running the evict task with compensationTime 0ms
2019-12-06 21:14:13,208 INFO [Eureka-EvictionTimer][AbstractInstanceRegistry.java:1250] - Running the evict task with compensationTime 1ms
2019-12-06 21:14:23,208 INFO [Eureka-EvictionTimer][AbstractInstanceRegistry.java:1250] - Running the evict task with compensationTime 0ms
2019-12-06 21:14:33,209 INFO [Eureka-EvictionTimer][AbstractInstanceRegistry.java:1250] - Running the evict task with compensationTime 0ms
2019-12-06 21:14:43,210 INFO [Eureka-EvictionTimer][AbstractInstanceRegistry.java:1250] - Running the evict task with compensationTime 0ms
2019-12-06 21:14:53,210 INFO [Eureka-EvictionTimer][AbstractInstanceRegistry.java:1250] - Running the evict task with compensationTime 0ms
2019-12-06 21:15:03,210 INFO [Eureka-EvictionTimer][AbstractInstanceRegistry.java:1250] - Running the evict task with compensationTime 0ms
2019-12-06 21:15:13,211 INFO [Eureka-EvictionTimer][AbstractInstanceRegistry.java:1250] - Running the evict task with compensationTime 0ms
2019-12-06 21:15:23,212 INFO [Eureka-EvictionTimer][AbstractInstanceRegistry.java:1250] - Running the evict task with compensationTime 0ms
2019-12-06 21:15:31,754 INFO [ReplicaAwareInstanceRegistry - RenewalThresholdUpdater][PeerAwareInstanceRegistryImpl.java:539] - Current renewal threshold is : 0
2019-12-06 21:15:33,212 INFO [Eureka-EvictionTimer][AbstractInstanceRegistry.java:1250] - Running the evict task with compensationTime 0ms
2019-12-06 21:15:43,213 INFO [Eureka-EvictionTimer][AbstractInstanceRegistry.java:1250] - Running the evict task with compensationTime 1ms
2019-12-06 21:15:53,214 INFO [Eureka-EvictionTimer][AbstractInstanceRegistry.java:1250] - Running the evict task with compensationTime 0ms
2019-12-06 21:16:03,214 INFO [Eureka-EvictionTimer][AbstractInstanceRegistry.java:1250] - Running the evict task with compensationTime 0ms
2019-12-06 21:16:13,216 INFO [Eureka-EvictionTimer][AbstractInstanceRegistry.java:1250] - Running the evict task with compensationTime 2ms
2019-12-06 21:16:23,220 INFO [Eureka-EvictionTimer][AbstractInstanceRegistry.java:1250] - Running the evict task with compensationTime 3ms
2019-12-06 21:16:33,221 INFO [Eureka-EvictionTimer][AbstractInstanceRegistry.java:1250] - Running the evict task with compensationTime 0ms
2019-12-06 21:16:43,222 INFO [Eureka-EvictionTimer][AbstractInstanceRegistry.java:1250] - Running the evict task with compensationTime 0ms
2019-12-06 21:16:53,222 INFO [Eureka-EvictionTimer][AbstractInstanceRegistry.java:1250] - Running the evict task with compensationTime 0ms
2019-12-06 21:17:03,223 INFO [Eureka-EvictionTimer][AbstractInstanceRegistry.java:1250] - Running the evict task with compensationTime 0ms
2019-12-06 21:17:13,223 INFO [Eureka-EvictionTimer][AbstractInstanceRegistry.java:1250] - Running the evict task with compensationTime 0ms
2019-12-06 21:17:23,223 INFO [Eureka-EvictionTimer][AbstractInstanceRegistry.java:1250] - Running the evict task with compensationTime 0ms
2019-12-06 21:17:33,257 INFO [Eureka-EvictionTimer][AbstractInstanceRegistry.java:1250] - Running the evict task with compensationTime 33ms
2019-12-06 21:17:43,257 INFO [Eureka-EvictionTimer][AbstractInstanceRegistry.java:1250] - Running the evict task with compensationTime 0ms
2019-12-06 21:17:53,258 INFO [Eureka-EvictionTimer][AbstractInstanceRegistry.java:1250] - Running the evict task with compensationTime 0ms
2019-12-06 21:18:03,259 INFO [Eureka-EvictionTimer][AbstractInstanceRegistry.java:1250] - Running the evict task with compensationTime 0ms
2019-12-06 21:18:13,259 INFO [Eureka-EvictionTimer][AbstractInstanceRegistry.java:1250] - Running the evict task with compensationTime 0ms
2019-12-06 21:18:23,259 INFO [Eureka-EvictionTimer][AbstractInstanceRegistry.java:1250] - Running the evict task with compensationTime 0ms
2019-12-06 21:18:33,269 INFO [Eureka-EvictionTimer][AbstractInstanceRegistry.java:1250] - Running the evict task with compensationTime 10ms
2019-12-06 21:18:43,270 INFO [Eureka-EvictionTimer][AbstractInstanceRegistry.java:1250] - Running the evict task with compensationTime 0ms
2019-12-06 21:18:53,270 INFO [Eureka-EvictionTimer][AbstractInstanceRegistry.java:1250] - Running the evict task with compensationTime 0ms
2019-12-06 21:19:03,270 INFO [Eureka-EvictionTimer][AbstractInstanceRegistry.java:1250] - Running the evict task with compensationTime 0ms
2019-12-06 21:19:13,271 INFO [Eureka-EvictionTimer][AbstractInstanceRegistry.java:1250] - Running the evict task with compensationTime 0ms
2019-12-06 21:19:23,271 INFO [Eureka-EvictionTimer][AbstractInstanceRegistry.java:1250] - Running the evict task with compensationTime 0ms
2019-12-06 21:19:33,272 INFO [Eureka-EvictionTimer][AbstractInstanceRegistry.java:1250] - Running the evict task with compensationTime 0ms
2019-12-06 21:19:43,272 INFO [Eureka-EvictionTimer][AbstractInstanceRegistry.java:1250] - Running the evict task with compensationTime 0ms
2019-12-06 21:19:53,272 INFO [Eureka-EvictionTimer][AbstractInstanceRegistry.java:1250] - Running the evict task with compensationTime 0ms
2019-12-06 21:20:03,273 INFO [Eureka-EvictionTimer][AbstractInstanceRegistry.java:1250] - Running the evict task with compensationTime 1ms
2019-12-06 21:20:13,274 INFO [Eureka-EvictionTimer][AbstractInstanceRegistry.java:1250] - Running the evict task with compensationTime 1ms
2019-12-06 21:20:23,275 INFO [Eureka-EvictionTimer][AbstractInstanceRegistry.java:1250] - Running the evict task with compensationTime 0ms
2019-12-06 21:20:33,276 INFO [Eureka-EvictionTimer][AbstractInstanceRegistry.java:1250] - Running the evict task with compensationTime 0ms
2019-12-06 21:20:43,276 INFO [Eureka-EvictionTimer][AbstractInstanceRegistry.java:1250] - Running the evict task with compensationTime 0ms
2019-12-06 21:20:53,276 INFO [Eureka-EvictionTimer][AbstractInstanceRegistry.java:1250] - Running the evict task with compensationTime 0ms
2019-12-06 21:21:03,277 INFO [Eureka-EvictionTimer][AbstractInstanceRegistry.java:1250] - Running the evict task with compensationTime 0ms
2019-12-06 21:21:13,278 INFO [Eureka-EvictionTimer][AbstractInstanceRegistry.java:1250] - Running the evict task with compensationTime 0ms
2019-12-06 21:21:23,278 INFO [Eureka-EvictionTimer][AbstractInstanceRegistry.java:1250] - Running the evict task with compensationTime 0ms
2019-12-06 21:21:33,279 INFO [Eureka-EvictionTimer][AbstractInstanceRegistry.java:1250] - Running the evict task with compensationTime 0ms
2019-12-06 21:21:43,280 INFO [Eureka-EvictionTimer][AbstractInstanceRegistry.java:1250] - Running the evict task with compensationTime 0ms
2019-12-06 21:21:53,280 INFO [Eureka-EvictionTimer][AbstractInstanceRegistry.java:1250] - Running the evict task with compensationTime 0ms
2019-12-06 21:22:03,281 INFO [Eureka-EvictionTimer][AbstractInstanceRegistry.java:1250] - Running the evict task with compensationTime 0ms
2019-12-06 21:22:13,281 INFO [Eureka-EvictionTimer][AbstractInstanceRegistry.java:1250] - Running the evict task with compensationTime 0ms
2019-12-06 21:22:23,281 INFO [Eureka-EvictionTimer][AbstractInstanceRegistry.java:1250] - Running the evict task with compensationTime 0ms
2019-12-06 21:22:33,283 INFO [Eureka-EvictionTimer][AbstractInstanceRegistry.java:1250] - Running the evict task with compensationTime 2ms
2019-12-06 21:22:43,283 INFO [Eureka-EvictionTimer][AbstractInstanceRegistry.java:1250] - Running the evict task with compensationTime 0ms
2019-12-06 21:22:53,283 INFO [Eureka-EvictionTimer][AbstractInstanceRegistry.java:1250] - Running the evict task with compensationTime 0ms
2019-12-06 21:23:03,284 INFO [Eureka-EvictionTimer][AbstractInstanceRegistry.java:1250] - Running the evict task with compensationTime 0ms
2019-12-06 21:23:13,284 INFO [Eureka-EvictionTimer][AbstractInstanceRegistry.java:1250] - Running the evict task with compensationTime 0ms
2019-12-06 21:23:23,285 INFO [Eureka-EvictionTimer][AbstractInstanceRegistry.java:1250] - Running the evict task with compensationTime 0ms
2019-12-06 21:23:33,287 INFO [Eureka-EvictionTimer][AbstractInstanceRegistry.java:1250] - Running the evict task with compensationTime 1ms
2019-12-06 21:23:43,287 INFO [Eureka-EvictionTimer][AbstractInstanceRegistry.java:1250] - Running the evict task with compensationTime 0ms
2019-12-06 21:23:53,287 INFO [Eureka-EvictionTimer][AbstractInstanceRegistry.java:1250] - Running the evict task with compensationTime 0ms
2019-12-06 21:24:03,288 INFO [Eureka-EvictionTimer][AbstractInstanceRegistry.java:1250] - Running the evict task with compensationTime 0ms
2019-12-06 21:24:13,289 INFO [Eureka-EvictionTimer][AbstractInstanceRegistry.java:1250] - Running the evict task with compensationTime 1ms
2019-12-06 21:24:23,289 INFO [Eureka-EvictionTimer][AbstractInstanceRegistry.java:1250] - Running the evict task with compensationTime 0ms
2019-12-06 21:24:33,290 INFO [Eureka-EvictionTimer][AbstractInstanceRegistry.java:1250] - Running the evict task with compensationTime 0ms
2019-12-06 21:24:43,295 INFO [Eureka-EvictionTimer][AbstractInstanceRegistry.java:1250] - Running the evict task with compensationTime 5ms
2019-12-06 21:24:53,295 INFO [Eureka-EvictionTimer][AbstractInstanceRegistry.java:1250] - Running the evict task with compensationTime 0ms
2019-12-06 21:25:03,296 INFO [Eureka-EvictionTimer][AbstractInstanceRegistry.java:1250] - Running the evict task with compensationTime 0ms
2019-12-06 21:25:13,296 INFO [Eureka-EvictionTimer][AbstractInstanceRegistry.java:1250] - Running the evict task with compensationTime 0ms
2019-12-06 21:25:23,296 INFO [Eureka-EvictionTimer][AbstractInstanceRegistry.java:1250] - Running the evict task with compensationTime 0ms
2019-12-06 21:25:33,296 INFO [Eureka-EvictionTimer][AbstractInstanceRegistry.java:1250] - Running the evict task with compensationTime 0ms
2019-12-06 21:25:43,297 INFO [Eureka-EvictionTimer][AbstractInstanceRegistry.java:1250] - Running the evict task with compensationTime 0ms
2019-12-06 21:25:53,298 INFO [Eureka-EvictionTimer][AbstractInstanceRegistry.java:1250] - Running the evict task with compensationTime 0ms
2019-12-06 21:26:03,298 INFO [Eureka-EvictionTimer][AbstractInstanceRegistry.java:1250] - Running the evict task with compensationTime 0ms
2019-12-06 21:26:13,299 INFO [Eureka-EvictionTimer][AbstractInstanceRegistry.java:1250] - Running the evict task with compensationTime 0ms
2019-12-06 21:26:23,300 INFO [Eureka-EvictionTimer][AbstractInstanceRegistry.java:1250] - Running the evict task with compensationTime 1ms
2019-12-06 21:26:33,300 INFO [Eureka-EvictionTimer][AbstractInstanceRegistry.java:1250] - Running the evict task with compensationTime 0ms
2019-12-06 21:26:43,301 INFO [Eureka-EvictionTimer][AbstractInstanceRegistry.java:1250] - Running the evict task with compensationTime 0ms
2019-12-06 21:26:53,302 INFO [Eureka-EvictionTimer][AbstractInstanceRegistry.java:1250] - Running the evict task with compensationTime 0ms
2019-12-06 21:27:03,303 INFO [Eureka-EvictionTimer][AbstractInstanceRegistry.java:1250] - Running the evict task with compensationTime 1ms
2019-12-06 21:27:13,303 INFO [Eureka-EvictionTimer][AbstractInstanceRegistry.java:1250] - Running the evict task with compensationTime 0ms
2019-12-06 21:27:23,304 INFO [Eureka-EvictionTimer][AbstractInstanceRegistry.java:1250] - Running the evict task with compensationTime 1ms
2019-12-06 21:27:33,304 INFO [Eureka-EvictionTimer][AbstractInstanceRegistry.java:1250] - Running the evict task with compensationTime 0ms
2019-12-06 21:27:43,305 INFO [Eureka-EvictionTimer][AbstractInstanceRegistry.java:1250] - Running the evict task with compensationTime 0ms
2019-12-06 21:27:53,306 INFO [Eureka-EvictionTimer][AbstractInstanceRegistry.java:1250] - Running the evict task with compensationTime 0ms
2019-12-06 21:28:03,306 INFO [Eureka-EvictionTimer][AbstractInstanceRegistry.java:1250] - Running the evict task with compensationTime 0ms
2019-12-06 21:28:13,307 INFO [Eureka-EvictionTimer][AbstractInstanceRegistry.java:1250] - Running the evict task with compensationTime 1ms
2019-12-06 21:28:23,307 INFO [Eureka-EvictionTimer][AbstractInstanceRegistry.java:1250] - Running the evict task with compensationTime 0ms
2019-12-06 21:28:33,308 INFO [Eureka-EvictionTimer][AbstractInstanceRegistry.java:1250] - Running the evict task with compensationTime 0ms
2019-12-06 21:28:43,308 INFO [Eureka-EvictionTimer][AbstractInstanceRegistry.java:1250] - Running the evict task with compensationTime 0ms
2019-12-06 21:28:53,309 INFO [Eureka-EvictionTimer][AbstractInstanceRegistry.java:1250] - Running the evict task with compensationTime 0ms
2019-12-06 21:29:03,310 INFO [Eureka-EvictionTimer][AbstractInstanceRegistry.java:1250] - Running the evict task with compensationTime 1ms
2019-12-06 21:29:13,310 INFO [Eureka-EvictionTimer][AbstractInstanceRegistry.java:1250] - Running the evict task with compensationTime 0ms
2019-12-06 21:29:23,311 INFO [Eureka-EvictionTimer][AbstractInstanceRegistry.java:1250] - Running the evict task with compensationTime 0ms
2019-12-06 21:29:33,319 INFO [Eureka-EvictionTimer][AbstractInstanceRegistry.java:1250] - Running the evict task with compensationTime 8ms
2019-12-06 21:29:43,340 INFO [Eureka-EvictionTimer][AbstractInstanceRegistry.java:1250] - Running the evict task with compensationTime 20ms
2019-12-06 21:29:53,359 INFO [Eureka-EvictionTimer][AbstractInstanceRegistry.java:1250] - Running the evict task with compensationTime 19ms
2019-12-06 21:30:03,394 INFO [Eureka-EvictionTimer][AbstractInstanceRegistry.java:1250] - Running the evict task with compensationTime 33ms
2019-12-06 21:30:13,394 INFO [Eureka-EvictionTimer][AbstractInstanceRegistry.java:1250] - Running the evict task with compensationTime 0ms
2019-12-06 21:30:23,421 INFO [Eureka-EvictionTimer][AbstractInstanceRegistry.java:1250] - Running the evict task with compensationTime 26ms
2019-12-06 21:30:31,758 INFO [ReplicaAwareInstanceRegistry - RenewalThresholdUpdater][PeerAwareInstanceRegistryImpl.java:539] - Current renewal threshold is : 0
2019-12-06 21:30:33,420 INFO [Eureka-EvictionTimer][AbstractInstanceRegistry.java:1250] - Running the evict task with compensationTime 0ms
2019-12-06 21:30:34,191 INFO [http-nio-56080-exec-1][AbstractInstanceRegistry.java:266] - Registered instance DTX-NOTIFYMSG-DEMO-BANK1/host.docker.internal:dtx-notifymsg-demo-bank1:56081 with status UP (replication=false)
2019-12-06 21:30:34,704 INFO [http-nio-56080-exec-8][AbstractInstanceRegistry.java:266] - Registered instance DTX-NOTIFYMSG-DEMO-BANK1/host.docker.internal:dtx-notifymsg-demo-bank1:56081 with status UP (replication=true)
2019-12-06 21:30:41,139 INFO [http-nio-56080-exec-10][AbstractInstanceRegistry.java:266] - Registered instance DTX-NOTIFYMSG-DEMO-PAY/host.docker.internal:dtx-notifymsg-demo-pay:56082 with status UP (replication=false)
2019-12-06 21:30:41,706 INFO [http-nio-56080-exec-3][AbstractInstanceRegistry.java:266] - Registered instance DTX-NOTIFYMSG-DEMO-PAY/host.docker.internal:dtx-notifymsg-demo-pay:56082 with status UP (replication=true)
2019-12-06 21:30:43,425 INFO [Eureka-EvictionTimer][AbstractInstanceRegistry.java:1250] - Running the evict task with compensationTime 6ms
2019-12-06 21:30:53,426 INFO [Eureka-EvictionTimer][AbstractInstanceRegistry.java:1250] - Running the evict task with compensationTime 0ms
2019-12-06 21:31:03,426 INFO [Eureka-EvictionTimer][AbstractInstanceRegistry.java:1250] - Running the evict task with compensationTime 0ms
2019-12-06 21:31:13,427 INFO [Eureka-EvictionTimer][AbstractInstanceRegistry.java:1250] - Running the evict task with compensationTime 0ms
2019-12-06 21:31:23,428 INFO [Eureka-EvictionTimer][AbstractInstanceRegistry.java:1250] - Running the evict task with compensationTime 0ms
2019-12-06 21:31:33,428 INFO [Eureka-EvictionTimer][AbstractInstanceRegistry.java:1250] - Running the evict task with compensationTime 0ms
2019-12-06 21:31:43,429 INFO [Eureka-EvictionTimer][AbstractInstanceRegistry.java:1250] - Running the evict task with compensationTime 0ms
2019-12-06 21:31:53,429 INFO [Eureka-EvictionTimer][AbstractInstanceRegistry.java:1250] - Running the evict task with compensationTime 0ms
2019-12-06 21:32:03,429 INFO [Eureka-EvictionTimer][AbstractInstanceRegistry.java:1250] - Running the evict task with compensationTime 0ms
2019-12-06 21:32:13,431 INFO [Eureka-EvictionTimer][AbstractInstanceRegistry.java:1250] - Running the evict task with compensationTime 1ms
2019-12-06 21:32:23,432 INFO [Eureka-EvictionTimer][AbstractInstanceRegistry.java:1250] - Running the evict task with compensationTime 0ms
2019-12-06 21:32:33,432 INFO [Eureka-EvictionTimer][AbstractInstanceRegistry.java:1250] - Running the evict task with compensationTime 0ms
2019-12-06 21:32:43,433 INFO [Eureka-EvictionTimer][AbstractInstanceRegistry.java:1250] - Running the evict task with compensationTime 0ms
2019-12-06 21:32:53,433 INFO [Eureka-EvictionTimer][AbstractInstanceRegistry.java:1250] - Running the evict task with compensationTime 0ms
2019-12-06 21:33:03,434 INFO [Eureka-EvictionTimer][AbstractInstanceRegistry.java:1250] - Running the evict task with compensationTime 0ms
2019-12-06 21:33:13,435 INFO [Eureka-EvictionTimer][AbstractInstanceRegistry.java:1250] - Running the evict task with compensationTime 1ms
2019-12-06 21:33:23,436 INFO [Eureka-EvictionTimer][AbstractInstanceRegistry.java:1250] - Running the evict task with compensationTime 0ms
2019-12-06 21:33:33,436 INFO [Eureka-EvictionTimer][AbstractInstanceRegistry.java:1250] - Running the evict task with compensationTime 0ms
2019-12-06 21:33:43,437 INFO [Eureka-EvictionTimer][AbstractInstanceRegistry.java:1250] - Running the evict task with compensationTime 1ms
2019-12-06 21:33:53,437 INFO [Eureka-EvictionTimer][AbstractInstanceRegistry.java:1250] - Running the evict task with compensationTime 0ms
2019-12-06 21:34:03,438 INFO [Eureka-EvictionTimer][AbstractInstanceRegistry.java:1250] - Running the evict task with compensationTime 0ms
2019-12-06 21:34:13,439 INFO [Eureka-EvictionTimer][AbstractInstanceRegistry.java:1250] - Running the evict task with compensationTime 0ms
2019-12-06 21:34:23,440 INFO [Eureka-EvictionTimer][AbstractInstanceRegistry.java:1250] - Running the evict task with compensationTime 0ms
2019-12-06 21:34:33,440 INFO [Eureka-EvictionTimer][AbstractInstanceRegistry.java:1250] - Running the evict task with compensationTime 0ms
2019-12-06 21:34:43,441 INFO [Eureka-EvictionTimer][AbstractInstanceRegistry.java:1250] - Running the evict task with compensationTime 1ms
2019-12-06 21:34:53,441 INFO [Eureka-EvictionTimer][AbstractInstanceRegistry.java:1250] - Running the evict task with compensationTime 0ms
2019-12-06 21:35:03,442 INFO [Eureka-EvictionTimer][AbstractInstanceRegistry.java:1250] - Running the evict task with compensationTime 0ms
2019-12-06 21:35:13,443 INFO [Eureka-EvictionTimer][AbstractInstanceRegistry.java:1250] - Running the evict task with compensationTime 0ms
2019-12-06 21:35:23,443 INFO [Eureka-EvictionTimer][AbstractInstanceRegistry.java:1250] - Running the evict task with compensationTime 1ms
2019-12-06 21:35:33,444 INFO [Eureka-EvictionTimer][AbstractInstanceRegistry.java:1250] - Running the evict task with compensationTime 0ms
2019-12-06 21:35:43,444 INFO [Eureka-EvictionTimer][AbstractInstanceRegistry.java:1250] - Running the evict task with compensationTime 0ms
2019-12-06 21:35:53,444 INFO [Eureka-EvictionTimer][AbstractInstanceRegistry.java:1250] - Running the evict task with compensationTime 0ms
2019-12-06 21:36:03,444 INFO [Eureka-EvictionTimer][AbstractInstanceRegistry.java:1250] - Running the evict task with compensationTime 0ms
2019-12-06 21:36:13,445 INFO [Eureka-EvictionTimer][AbstractInstanceRegistry.java:1250] - Running the evict task with compensationTime 0ms
2019-12-06 21:36:23,445 INFO [Eureka-EvictionTimer][AbstractInstanceRegistry.java:1250] - Running the evict task with compensationTime 0ms
2019-12-06 21:36:33,445 INFO [Eureka-EvictionTimer][AbstractInstanceRegistry.java:1250] - Running the evict task with compensationTime 0ms
2019-12-06 21:36:43,446 INFO [Eureka-EvictionTimer][AbstractInstanceRegistry.java:1250] - Running the evict task with compensationTime 0ms
2019-12-06 21:36:53,447 INFO [Eureka-EvictionTimer][AbstractInstanceRegistry.java:1250] - Running the evict task with compensationTime 1ms
2019-12-06 21:37:03,448 INFO [Eureka-EvictionTimer][AbstractInstanceRegistry.java:1250] - Running the evict task with compensationTime 1ms
2019-12-06 21:37:13,450 INFO [Eureka-EvictionTimer][AbstractInstanceRegistry.java:1250] - Running the evict task with compensationTime 1ms
2019-12-06 21:37:23,450 INFO [Eureka-EvictionTimer][AbstractInstanceRegistry.java:1250] - Running the evict task with compensationTime 0ms
2019-12-06 21:37:33,451 INFO [Eureka-EvictionTimer][AbstractInstanceRegistry.java:1250] - Running the evict task with compensationTime 1ms
2019-12-06 21:37:43,451 INFO [Eureka-EvictionTimer][AbstractInstanceRegistry.java:1250] - Running the evict task with compensationTime 0ms
2019-12-06 21:37:53,451 INFO [Eureka-EvictionTimer][AbstractInstanceRegistry.java:1250] - Running the evict task with compensationTime 0ms
2019-12-06 21:38:03,452 INFO [Eureka-EvictionTimer][AbstractInstanceRegistry.java:1250] - Running the evict task with compensationTime 0ms
2019-12-06 21:38:13,452 INFO [Eureka-EvictionTimer][AbstractInstanceRegistry.java:1250] - Running the evict task with compensationTime 0ms
2019-12-06 21:38:23,457 INFO [Eureka-EvictionTimer][AbstractInstanceRegistry.java:1250] - Running the evict task with compensationTime 4ms
2019-12-06 21:38:33,457 INFO [Eureka-EvictionTimer][AbstractInstanceRegistry.java:1250] - Running the evict task with compensationTime 0ms
2019-12-06 21:38:43,458 INFO [Eureka-EvictionTimer][AbstractInstanceRegistry.java:1250] - Running the evict task with compensationTime 0ms
2019-12-06 21:38:53,459 INFO [Eureka-EvictionTimer][AbstractInstanceRegistry.java:1250] - Running the evict task with compensationTime 0ms
2019-12-06 21:39:03,459 INFO [Eureka-EvictionTimer][AbstractInstanceRegistry.java:1250] - Running the evict task with compensationTime 0ms
2019-12-06 21:39:13,459 INFO [Eureka-EvictionTimer][AbstractInstanceRegistry.java:1250] - Running the evict task with compensationTime 0ms
2019-12-06 21:39:13,459 INFO [Eureka-EvictionTimer][AbstractInstanceRegistry.java:611] - Evicting 1 items (expired=2, evictionLimit=1)
2019-12-06 21:39:13,460 WARN [Eureka-EvictionTimer][AbstractInstanceRegistry.java:623] - DS: Registry: expired lease for DTX-NOTIFYMSG-DEMO-BANK1/host.docker.internal:dtx-notifymsg-demo-bank1:56081
2019-12-06 21:39:13,460 INFO [Eureka-EvictionTimer][AbstractInstanceRegistry.java:330] - Cancelled instance DTX-NOTIFYMSG-DEMO-BANK1/host.docker.internal:dtx-notifymsg-demo-bank1:56081 (replication=false)
2019-12-06 21:39:23,460 INFO [Eureka-EvictionTimer][AbstractInstanceRegistry.java:1250] - Running the evict task with compensationTime 0ms
2019-12-06 21:39:23,460 INFO [Eureka-EvictionTimer][AbstractInstanceRegistry.java:611] - Evicting 1 items (expired=1, evictionLimit=1)
2019-12-06 21:39:23,460 WARN [Eureka-EvictionTimer][AbstractInstanceRegistry.java:623] - DS: Registry: expired lease for DTX-NOTIFYMSG-DEMO-PAY/host.docker.internal:dtx-notifymsg-demo-pay:56082
2019-12-06 21:39:23,461 INFO [Eureka-EvictionTimer][AbstractInstanceRegistry.java:330] - Cancelled instance DTX-NOTIFYMSG-DEMO-PAY/host.docker.internal:dtx-notifymsg-demo-pay:56082 (replication=false)
2019-12-06 21:39:33,461 INFO [Eureka-EvictionTimer][AbstractInstanceRegistry.java:1250] - Running the evict task with compensationTime 0ms
2019-12-06 21:39:43,461 INFO [Eureka-EvictionTimer][AbstractInstanceRegistry.java:1250] - Running the evict task with compensationTime 0ms
2019-12-06 21:39:53,462 INFO [Eureka-EvictionTimer][AbstractInstanceRegistry.java:1250] - Running the evict task with compensationTime 0ms
2019-12-06 21:40:03,463 INFO [Eureka-EvictionTimer][AbstractInstanceRegistry.java:1250] - Running the evict task with compensationTime 0ms
2019-12-06 21:40:13,463 INFO [Eureka-EvictionTimer][AbstractInstanceRegistry.java:1250] - Running the evict task with compensationTime 0ms
2019-12-06 21:40:23,463 INFO [Eureka-EvictionTimer][AbstractInstanceRegistry.java:1250] - Running the evict task with compensationTime 0ms
2019-12-06 21:40:33,464 INFO [Eureka-EvictionTimer][AbstractInstanceRegistry.java:1250] - Running the evict task with compensationTime 0ms
2019-12-06 21:40:43,465 INFO [Eureka-EvictionTimer][AbstractInstanceRegistry.java:1250] - Running the evict task with compensationTime 0ms
2019-12-06 21:40:53,465 INFO [Eureka-EvictionTimer][AbstractInstanceRegistry.java:1250] - Running the evict task with compensationTime 0ms
2019-12-06 21:41:03,465 INFO [Eureka-EvictionTimer][AbstractInstanceRegistry.java:1250] - Running the evict task with compensationTime 0ms
2019-12-06 21:41:13,465 INFO [Eureka-EvictionTimer][AbstractInstanceRegistry.java:1250] - Running the evict task with compensationTime 0ms
2019-12-06 21:41:23,466 INFO [Eureka-EvictionTimer][AbstractInstanceRegistry.java:1250] - Running the evict task with compensationTime 0ms
2019-12-06 21:41:33,466 INFO [Eureka-EvictionTimer][AbstractInstanceRegistry.java:1250] - Running the evict task with compensationTime 0ms
2019-12-06 21:41:43,466 INFO [Eureka-EvictionTimer][AbstractInstanceRegistry.java:1250] - Running the evict task with compensationTime 0ms
2019-12-06 21:41:53,467 INFO [Eureka-EvictionTimer][AbstractInstanceRegistry.java:1250] - Running the evict task with compensationTime 0ms
2019-12-06 21:42:03,467 INFO [Eureka-EvictionTimer][AbstractInstanceRegistry.java:1250] - Running the evict task with compensationTime 0ms
2019-12-06 21:42:13,469 INFO [Eureka-EvictionTimer][AbstractInstanceRegistry.java:1250] - Running the evict task with compensationTime 2ms
2019-12-06 21:42:23,469 INFO [Eureka-EvictionTimer][AbstractInstanceRegistry.java:1250] - Running the evict task with compensationTime 0ms
2019-12-06 21:42:33,470 INFO [Eureka-EvictionTimer][AbstractInstanceRegistry.java:1250] - Running the evict task with compensationTime 0ms
2019-12-06 21:42:43,471 INFO [Eureka-EvictionTimer][AbstractInstanceRegistry.java:1250] - Running the evict task with compensationTime 0ms
2019-12-06 21:42:53,471 INFO [Eureka-EvictionTimer][AbstractInstanceRegistry.java:1250] - Running the evict task with compensationTime 0ms
2019-12-06 21:43:03,472 INFO [Eureka-EvictionTimer][AbstractInstanceRegistry.java:1250] - Running the evict task with compensationTime 0ms
2019-12-06 21:43:13,473 INFO [Eureka-EvictionTimer][AbstractInstanceRegistry.java:1250] - Running the evict task with compensationTime 0ms
2019-12-06 21:43:23,478 INFO [Eureka-EvictionTimer][AbstractInstanceRegistry.java:1250] - Running the evict task with compensationTime 5ms
2019-12-06 21:43:33,478 INFO [Eureka-EvictionTimer][AbstractInstanceRegistry.java:1250] - Running the evict task with compensationTime 0ms
2019-12-06 21:43:43,478 INFO [Eureka-EvictionTimer][AbstractInstanceRegistry.java:1250] - Running the evict task with compensationTime 0ms
2019-12-06 21:43:53,479 INFO [Eureka-EvictionTimer][AbstractInstanceRegistry.java:1250] - Running the evict task with compensationTime 0ms
2019-12-06 21:44:03,480 INFO [Eureka-EvictionTimer][AbstractInstanceRegistry.java:1250] - Running the evict task with compensationTime 0ms
2019-12-06 21:44:13,480 INFO [Eureka-EvictionTimer][AbstractInstanceRegistry.java:1250] - Running the evict task with compensationTime 0ms
2019-12-06 21:44:23,481 INFO [Eureka-EvictionTimer][AbstractInstanceRegistry.java:1250] - Running the evict task with compensationTime 0ms
2019-12-06 21:44:33,482 INFO [Eureka-EvictionTimer][AbstractInstanceRegistry.java:1250] - Running the evict task with compensationTime 0ms
2019-12-06 21:44:43,483 INFO [Eureka-EvictionTimer][AbstractInstanceRegistry.java:1250] - Running the evict task with compensationTime 1ms
2019-12-06 21:44:53,484 INFO [Eureka-EvictionTimer][AbstractInstanceRegistry.java:1250] - Running the evict task with compensationTime 0ms
2019-12-06 21:45:03,484 INFO [Eureka-EvictionTimer][AbstractInstanceRegistry.java:1250] - Running the evict task with compensationTime 0ms
2019-12-06 21:45:13,484 INFO [Eureka-EvictionTimer][AbstractInstanceRegistry.java:1250] - Running the evict task with compensationTime 0ms
2019-12-06 21:45:23,485 INFO [Eureka-EvictionTimer][AbstractInstanceRegistry.java:1250] - Running the evict task with compensationTime 0ms
2019-12-06 21:45:31,757 INFO [ReplicaAwareInstanceRegistry - RenewalThresholdUpdater][PeerAwareInstanceRegistryImpl.java:539] - Current renewal threshold is : 0
2019-12-06 21:45:33,485 INFO [Eureka-EvictionTimer][AbstractInstanceRegistry.java:1250] - Running the evict task with compensationTime 0ms
2019-12-06 21:45:43,485 INFO [Eureka-EvictionTimer][AbstractInstanceRegistry.java:1250] - Running the evict task with compensationTime 0ms
2019-12-06 21:45:53,486 INFO [Eureka-EvictionTimer][AbstractInstanceRegistry.java:1250] - Running the evict task with compensationTime 0ms
2019-12-06 21:46:03,486 INFO [Eureka-EvictionTimer][AbstractInstanceRegistry.java:1250] - Running the evict task with compensationTime 0ms
2019-12-06 21:46:13,486 INFO [Eureka-EvictionTimer][AbstractInstanceRegistry.java:1250] - Running the evict task with compensationTime 0ms
2019-12-06 21:46:23,487 INFO [Eureka-EvictionTimer][AbstractInstanceRegistry.java:1250] - Running the evict task with compensationTime 0ms
2019-12-06 21:46:33,487 INFO [Eureka-EvictionTimer][AbstractInstanceRegistry.java:1250] - Running the evict task with compensationTime 0ms
2019-12-06 21:46:43,488 INFO [Eureka-EvictionTimer][AbstractInstanceRegistry.java:1250] - Running the evict task with compensationTime 0ms
2019-12-06 21:46:53,488 INFO [Eureka-EvictionTimer][AbstractInstanceRegistry.java:1250] - Running the evict task with compensationTime 1ms
2019-12-06 21:47:03,490 INFO [Eureka-EvictionTimer][AbstractInstanceRegistry.java:1250] - Running the evict task with compensationTime 1ms
2019-12-06 21:47:13,490 INFO [Eureka-EvictionTimer][AbstractInstanceRegistry.java:1250] - Running the evict task with compensationTime 0ms
2019-12-06 21:47:23,491 INFO [Eureka-EvictionTimer][AbstractInstanceRegistry.java:1250] - Running the evict task with compensationTime 0ms
2019-12-06 21:47:33,491 INFO [Eureka-EvictionTimer][AbstractInstanceRegistry.java:1250] - Running the evict task with compensationTime 0ms
2019-12-06 21:47:43,491 INFO [Eureka-EvictionTimer][AbstractInstanceRegistry.java:1250] - Running the evict task with compensationTime 0ms
2019-12-06 21:47:53,492 INFO [Eureka-EvictionTimer][AbstractInstanceRegistry.java:1250] - Running the evict task with compensationTime 1ms
2019-12-06 21:48:03,492 INFO [Eureka-EvictionTimer][AbstractInstanceRegistry.java:1250] - Running the evict task with compensationTime 0ms
2019-12-06 21:48:13,493 INFO [Eureka-EvictionTimer][AbstractInstanceRegistry.java:1250] - Running the evict task with compensationTime 0ms
2019-12-06 21:48:23,494 INFO [Eureka-EvictionTimer][AbstractInstanceRegistry.java:1250] - Running the evict task with compensationTime 1ms
2019-12-06 21:48:33,498 INFO [Eureka-EvictionTimer][AbstractInstanceRegistry.java:1250] - Running the evict task with compensationTime 4ms
2019-12-06 21:48:43,498 INFO [Eureka-EvictionTimer][AbstractInstanceRegistry.java:1250] - Running the evict task with compensationTime 0ms
2019-12-06 21:48:53,499 INFO [Eureka-EvictionTimer][AbstractInstanceRegistry.java:1250] - Running the evict task with compensationTime 0ms
2019-12-06 21:49:03,499 INFO [Eureka-EvictionTimer][AbstractInstanceRegistry.java:1250] - Running the evict task with compensationTime 0ms
2019-12-06 21:49:13,499 INFO [Eureka-EvictionTimer][AbstractInstanceRegistry.java:1250] - Running the evict task with compensationTime 0ms
2019-12-06 21:49:23,503 INFO [Eureka-EvictionTimer][AbstractInstanceRegistry.java:1250] - Running the evict task with compensationTime 3ms
2019-12-06 21:49:33,503 INFO [Eureka-EvictionTimer][AbstractInstanceRegistry.java:1250] - Running the evict task with compensationTime 0ms
2019-12-06 21:49:43,504 INFO [Eureka-EvictionTimer][AbstractInstanceRegistry.java:1250] - Running the evict task with compensationTime 0ms
2019-12-06 21:49:53,505 INFO [Eureka-EvictionTimer][AbstractInstanceRegistry.java:1250] - Running the evict task with compensationTime 1ms
2019-12-06 21:50:03,505 INFO [Eureka-EvictionTimer][AbstractInstanceRegistry.java:1250] - Running the evict task with compensationTime 0ms
2019-12-06 21:50:13,506 INFO [Eureka-EvictionTimer][AbstractInstanceRegistry.java:1250] - Running the evict task with compensationTime 0ms
2019-12-06 21:50:23,507 INFO [Eureka-EvictionTimer][AbstractInstanceRegistry.java:1250] - Running the evict task with compensationTime 0ms
2019-12-06 21:50:33,507 INFO [Eureka-EvictionTimer][AbstractInstanceRegistry.java:1250] - Running the evict task with compensationTime 0ms
2019-12-06 21:50:43,507 INFO [Eureka-EvictionTimer][AbstractInstanceRegistry.java:1250] - Running the evict task with compensationTime 0ms
2019-12-06 21:50:53,507 INFO [Eureka-EvictionTimer][AbstractInstanceRegistry.java:1250] - Running the evict task with compensationTime 0ms
2019-12-06 21:51:03,507 INFO [Eureka-EvictionTimer][AbstractInstanceRegistry.java:1250] - Running the evict task with compensationTime 0ms
2019-12-06 21:51:13,508 INFO [Eureka-EvictionTimer][AbstractInstanceRegistry.java:1250] - Running the evict task with compensationTime 0ms
2019-12-06 21:51:23,509 INFO [Eureka-EvictionTimer][AbstractInstanceRegistry.java:1250] - Running the evict task with compensationTime 0ms
2019-12-06 21:51:33,510 INFO [Eureka-EvictionTimer][AbstractInstanceRegistry.java:1250] - Running the evict task with compensationTime 0ms
2019-12-06 21:51:43,510 INFO [Eureka-EvictionTimer][AbstractInstanceRegistry.java:1250] - Running the evict task with compensationTime 0ms
2019-12-06 21:51:53,511 INFO [Eureka-EvictionTimer][AbstractInstanceRegistry.java:1250] - Running the evict task with compensationTime 0ms
2019-12-06 21:52:03,512 INFO [Eureka-EvictionTimer][AbstractInstanceRegistry.java:1250] - Running the evict task with compensationTime 0ms
2019-12-06 21:52:13,512 INFO [Eureka-EvictionTimer][AbstractInstanceRegistry.java:1250] - Running the evict task with compensationTime 0ms
2019-12-06 21:52:23,513 INFO [Eureka-EvictionTimer][AbstractInstanceRegistry.java:1250] - Running the evict task with compensationTime 1ms
2019-12-06 21:52:33,514 INFO [Eureka-EvictionTimer][AbstractInstanceRegistry.java:1250] - Running the evict task with compensationTime 0ms
2019-12-06 21:52:43,514 INFO [Eureka-EvictionTimer][AbstractInstanceRegistry.java:1250] - Running the evict task with compensationTime 0ms
2019-12-06 21:52:53,515 INFO [Eureka-EvictionTimer][AbstractInstanceRegistry.java:1250] - Running the evict task with compensationTime 0ms
2019-12-06 21:53:03,515 INFO [Eureka-EvictionTimer][AbstractInstanceRegistry.java:1250] - Running the evict task with compensationTime 0ms
2019-12-06 21:53:13,517 INFO [Eureka-EvictionTimer][AbstractInstanceRegistry.java:1250] - Running the evict task with compensationTime 1ms
2019-12-06 21:53:23,516 INFO [Eureka-EvictionTimer][AbstractInstanceRegistry.java:1250] - Running the evict task with compensationTime 0ms
2019-12-06 21:53:33,517 INFO [Eureka-EvictionTimer][AbstractInstanceRegistry.java:1250] - Running the evict task with compensationTime 0ms
2019-12-06 21:53:43,517 INFO [Eureka-EvictionTimer][AbstractInstanceRegistry.java:1250] - Running the evict task with compensationTime 0ms
2019-12-06 21:53:53,518 INFO [Eureka-EvictionTimer][AbstractInstanceRegistry.java:1250] - Running the evict task with compensationTime 0ms
2019-12-06 21:54:03,520 INFO [Eureka-EvictionTimer][AbstractInstanceRegistry.java:1250] - Running the evict task with compensationTime 1ms
2019-12-06 21:54:13,594 INFO [Eureka-EvictionTimer][AbstractInstanceRegistry.java:1250] - Running the evict task with compensationTime 74ms
2019-12-06 21:54:23,595 INFO [Eureka-EvictionTimer][AbstractInstanceRegistry.java:1250] - Running the evict task with compensationTime 0ms
2019-12-06 21:54:33,596 INFO [Eureka-EvictionTimer][AbstractInstanceRegistry.java:1250] - Running the evict task with compensationTime 0ms
2019-12-06 21:54:43,597 INFO [Eureka-EvictionTimer][AbstractInstanceRegistry.java:1250] - Running the evict task with compensationTime 1ms
2019-12-06 21:54:53,599 INFO [Eureka-EvictionTimer][AbstractInstanceRegistry.java:1250] - Running the evict task with compensationTime 1ms
2019-12-06 21:55:03,600 INFO [Eureka-EvictionTimer][AbstractInstanceRegistry.java:1250] - Running the evict task with compensationTime 0ms
2019-12-06 21:55:13,600 INFO [Eureka-EvictionTimer][AbstractInstanceRegistry.java:1250] - Running the evict task with compensationTime 0ms
2019-12-06 21:55:23,601 INFO [Eureka-EvictionTimer][AbstractInstanceRegistry.java:1250] - Running the evict task with compensationTime 0ms
2019-12-06 21:55:33,601 INFO [Eureka-EvictionTimer][AbstractInstanceRegistry.java:1250] - Running the evict task with compensationTime 0ms
2019-12-06 21:55:43,602 INFO [Eureka-EvictionTimer][AbstractInstanceRegistry.java:1250] - Running the evict task with compensationTime 0ms
2019-12-06 21:55:53,602 INFO [Eureka-EvictionTimer][AbstractInstanceRegistry.java:1250] - Running the evict task with compensationTime 0ms
2019-12-06 21:56:03,602 INFO [Eureka-EvictionTimer][AbstractInstanceRegistry.java:1250] - Running the evict task with compensationTime 0ms
2019-12-06 21:56:13,602 INFO [Eureka-EvictionTimer][AbstractInstanceRegistry.java:1250] - Running the evict task with compensationTime 0ms
2019-12-06 21:56:23,603 INFO [Eureka-EvictionTimer][AbstractInstanceRegistry.java:1250] - Running the evict task with compensationTime 1ms
2019-12-06 21:56:33,606 INFO [Eureka-EvictionTimer][AbstractInstanceRegistry.java:1250] - Running the evict task with compensationTime 3ms
2019-12-06 21:56:43,606 INFO [Eureka-EvictionTimer][AbstractInstanceRegistry.java:1250] - Running the evict task with compensationTime 0ms
2019-12-06 21:56:53,612 INFO [Eureka-EvictionTimer][AbstractInstanceRegistry.java:1250] - Running the evict task with compensationTime 6ms
2019-12-06 21:57:03,613 INFO [Eureka-EvictionTimer][AbstractInstanceRegistry.java:1250] - Running the evict task with compensationTime 0ms
2019-12-06 21:57:13,635 INFO [Eureka-EvictionTimer][AbstractInstanceRegistry.java:1250] - Running the evict task with compensationTime 21ms
2019-12-06 21:57:23,635 INFO [Eureka-EvictionTimer][AbstractInstanceRegistry.java:1250] - Running the evict task with compensationTime 0ms
2019-12-06 21:57:33,635 INFO [Eureka-EvictionTimer][AbstractInstanceRegistry.java:1250] - Running the evict task with compensationTime 0ms
2019-12-06 21:57:43,636 INFO [Eureka-EvictionTimer][AbstractInstanceRegistry.java:1250] - Running the evict task with compensationTime 0ms
2019-12-06 21:57:53,636 INFO [Eureka-EvictionTimer][AbstractInstanceRegistry.java:1250] - Running the evict task with compensationTime 0ms
2019-12-06 21:58:03,637 INFO [Eureka-EvictionTimer][AbstractInstanceRegistry.java:1250] - Running the evict task with compensationTime 0ms
2019-12-06 21:58:13,638 INFO [Eureka-EvictionTimer][AbstractInstanceRegistry.java:1250] - Running the evict task with compensationTime 0ms
2019-12-06 21:58:23,638 INFO [Eureka-EvictionTimer][AbstractInstanceRegistry.java:1250] - Running the evict task with compensationTime 0ms
2019-12-06 21:58:33,639 INFO [Eureka-EvictionTimer][AbstractInstanceRegistry.java:1250] - Running the evict task with compensationTime 0ms
2019-12-06 21:58:43,639 INFO [Eureka-EvictionTimer][AbstractInstanceRegistry.java:1250] - Running the evict task with compensationTime 0ms
2019-12-06 21:58:53,640 INFO [Eureka-EvictionTimer][AbstractInstanceRegistry.java:1250] - Running the evict task with compensationTime 1ms
2019-12-06 21:59:03,641 INFO [Eureka-EvictionTimer][AbstractInstanceRegistry.java:1250] - Running the evict task with compensationTime 0ms
2019-12-06 21:59:13,641 INFO [Eureka-EvictionTimer][AbstractInstanceRegistry.java:1250] - Running the evict task with compensationTime 0ms
2019-12-06 21:59:23,648 INFO [Eureka-EvictionTimer][AbstractInstanceRegistry.java:1250] - Running the evict task with compensationTime 7ms
2019-12-06 21:59:33,649 INFO [Eureka-EvictionTimer][AbstractInstanceRegistry.java:1250] - Running the evict task with compensationTime 0ms
2019-12-06 21:59:43,650 INFO [Eureka-EvictionTimer][AbstractInstanceRegistry.java:1250] - Running the evict task with compensationTime 0ms
2019-12-06 21:59:53,650 INFO [Eureka-EvictionTimer][AbstractInstanceRegistry.java:1250] - Running the evict task with compensationTime 0ms
